1
2
85
369
10
644522691
1237437477
878679729
1560220775
1197663369
1763447987
1026800603
1509574862
1557243382
2073697142
1656089061
2048672586
1667783938
511574869
41251638
1422622429
1912788736
2122444197
778985424
1239608524
1399587281
1748889201
1351298415
1932763267
2130980738
1565255261
985057810
713051150
512992299
1338140220
103788293
1348825163
1532734521
777026696
1684749376
435706937
418766950
1649676515
759263658
1234115889
1387603473
1994581438
264888807
859525638
1077670661
1467480630
1409786601
479010420
1071444436
2141811334
1328316450
396641604
1494641738
133504457
362689972
559815406
836928022
1680604124
2063749570
1892459079
832965038
47200924
964871467
85725893
1476922350
1209052477
1181146928
906039890
1215819643
561289589
794552674
566116649
887371852
2127753562
1051767761
392819249
1745772453
2073950911
2129372391
608033439
1774313543
877216256
1891799769
768368472
381820685
913372920
1764701315
920256775
360696942
1866406029
363254324
307934735
1244461479
566964090
725750484
287646610
332328211
908479372
1438267498
1365986527
1994066672
1583503228
617585794
463086882
988492020
113881890
895385728
351925885
324432870
2118444043
1753384231
107452354
1672468522
1890720542
441077691
1108614205
106353563
713118409
995661214
10877687
1174881136
200678443
752006227
70517227
1342942828
962041247
893416683
622301284
35481118
1289608683
2033618277
153350170
478449054
181582008
71658267
228886240
2122080033
1183899312
1038297774
1880164226
815176093
438587665
794455517
1176544152
948928182
47867079
1752852551
946015253
766901775
4606665
1276869956
920509699
1144188692
1673125695
309276775
537809911
657375292
1729527206
1417908584
1280615074
1521342108
1217122713
855668962
81866462
1805047172
1206262057
362052328
248562011
472151654
1177635913
141224420
939789315
1542955261
13408529
1689408578
290979743
1721278106
580205922
621170462
655121287
1412459662
546696739
877874189
2019301789
1574135737
1647869928
1200037063
1987253547
2126084763
1416692197
937382965
846475441
1661409081
1635025326
208868488
522785580
1619137919
2024480591
30150681
1268718988
6603939
249227806
2016016148
154565062
1777820492
749978201
1461478209
2034302788
1397626417
1772566996
244852979
1669149900
1866145161
2137692444
1605015274
851373017
1491119032
1173252688
19002164
384445270
1014800493
1009726672
1231094407
249166164
909123143
91448019
43159248
747807771
832289475
1393734032
1269104486
1357101731
999442011
486820504
1422685145
1973731029
1036620286
1441180379
1698250074
1302943786
2109567700
1966586186
461038944
341894460
1914870231
585848025
69293416
2102657256
1114162985
1964335085
1378399668
1751995655
1269376524
107074117
961751892
464497631
1135704474
236119759
891004953
983805195
454492585
805566973
192404887
1956562045
1852528404
1640479517
372548889
483781277
655718282
404771768
301712749
361167484
2088392919
530113993
1302442718
1314037296
866490573
767267392
1518792407
101209892
437108030
80087391
1263374766
1469463469
991568625
563566565
1431841280
1633146575
388897375
1924963943
206662852
375092365
79933249
1124620260
1346927875
822960707
1315652194
1427288560
483998906
1620877839
1758527208
1795200913
1564261189
1775435572
1337533449
1350535104
2020836254
898468059
1865797093
768121620
1506576209
1776891706
1079993537
193741622
333989913
239363112
468556559
1153958095
34651060
2071172704
645337649
355213038
2039095968
495067654
1690252
594641242
1234992758
355014642
1473988177
1275935566
1406796478
1020130934
739588030
91182104
211719664
1543649439
1656903472
1483606674
1240010990
568913862
344798170
846739593
1524120399
908833484
2138592355
1809680341
1898721532
2002914447
1471290731
1361701611
1359465328
1955675917
93540525
1223292104
1458536216
204537022
1383105918
1761552278
1085676328
1378757389
1734742700
1092111849
782508363
221081105
241443902
150807088
164050727
401299579
383225585
43589617
880874576
950844967
1131516964
2062102866
647088215
1109174140
1279553114
237474699
376488786
215458413
775394260
503692267
1611529308
1011706274
863961452
955815481
1469683419
1307337960
2022722153
1068570258
1317619001
1802465013
303937216
597503574
496998057
839733072
1706283890
1334823812
626679311
623998209
1394271630
1039818947
1439503991
293324825
1260944497
1974419476
1083105622
2063195231
164398605
904264938
1720926804
573476738
763266105
237452671
100408173
1633181587
97422551
1119360936
1323773188
1225492923
1484036971
1689802704
541205734
380781916
387094105
181166810
390570972
1507618724
1919243187
609807913
1713236466
1012963101
1793221660
1053196988
1628675408
57416787
1365284345
918182627
1201898931
973473757
878464868
83768928
506480512
2092475812
1488284060
1249435958
2064327194
2134405445
1974710827
1252904942
1922571182
1035207281
1425883005
5237407
1024803980
1219185550
2142815118
1175434869
1572615511
901066755
693677884
577664609
2013344909
1919738499
919659511
1377524411
1395940261
1400182692
1643158255
352065944
168607812
1426437672
183364247
2012076294
284083556
1084737712
764164254
1246848516
236873033
232039352
1625404259
1124736054
1953175069
722547246
1197136424
1067191769
1698511621
1034103054
1373948674
928359369
1696031254
621266925
417342249
432589942
1691946327
